2026-06-08 09:56:09 | INFO     | STAGE:1 | __init__ | === STAGE 1 START === pipeline_id=8fe66f80-1645-4819-a0ab-656122387f7b
2026-06-08 09:56:09 | INFO     | STAGE:1 | info | === STAGE 1 START ===
2026-06-08 09:56:09 | INFO     | STAGE:1 | info | Organism: Pseudomonas putida
2026-06-08 09:56:09 | INFO     | STAGE:1 | info | Target molecule: PHA
2026-06-08 09:56:09 | DEBUG    | STAGE:1 | debug | Configuration: {
  "organism_type": "pputida",
  "molecule_type": "pha",
  "output_dir": "./pipeline_output",
  "random_seed": 42,
  "dbtl_cycles": 3
}
2026-06-08 09:56:09 | INFO     | STAGE:1 | info | Initializing organism and molecule databases...
2026-06-08 09:56:09 | INFO     | STAGE:1 | info | Loading organism data for KT2440...
2026-06-08 09:56:09 | DEBUG    | STAGE:1 | debug | Organism data loaded: {'name': 'Pseudomonas putida', 'strain': 'KT2440', 'gem_model_id': 'iJN1462', 'doubling_time_min': 40.0, 'optimal_ph': 7.0, 'optimal_temp_c': 30.0, 'gram_stain': 'negative', 'codon_table_id': 11, 'gc_content_percent': 61.6}
2026-06-08 09:56:09 | INFO     | STAGE:1 | info | Loading molecule data for PHA...
2026-06-08 09:56:09 | DEBUG    | STAGE:1 | debug | Molecule data loaded: {'name': 'PHA', 'smiles': 'CC(CC(=O)O)O', 'chebi_id': 'CHEBI:47783', 'target_titer_g_per_l': 50.0, 'target_yield_mol_per_mol': 0.4, 'molecular_weight': 86.09, 'category': 'biopolymer', 'toxicity_level': 'LOW', 'secretion_type': 'intracellular'}
2026-06-08 09:56:09 | INFO     | STAGE:1 | info | Loading genomic data...
2026-06-08 09:56:09 | DEBUG    | STAGE:1 | debug | Genomic data loaded: {'total_genes': 4377, 'essential_genes': ['dnaA', 'dnaN', 'gyrA', 'gyrB', 'rpoA', 'rpoB', 'rpoC', 'rpoD', 'sigN', 'ftsZ', 'ftsA', 'murA', 'murB', 'murC', 'accA', 'accB', 'accC', 'accD', 'fabH', 'fabD'], 'available_promoters': ['Ptac', 'Pbad', 'Prha', 'Pm', 'Ps', 'PalkB', 'Pcat', 'Pben', 'PxylS', 'Ptet', 'Plac', 'Ptrc'], 'codon_table_id': 11, 'gc_content_percent': 61.6}
2026-06-08 09:56:09 | INFO     | STAGE:1 | info | Performing data quality checks...
2026-06-08 09:56:09 | DEBUG    | STAGE:1 | debug | Data quality report: {'completeness_score': 1.0, 'warnings': [], 'errors': []}
2026-06-08 09:56:09 | INFO     | STAGE:1 | info | Data quality score: 1.0
2026-06-08 09:56:09 | INFO     | STAGE:1 | info | Validating output against Stage 1 schema...
2026-06-08 09:56:09 | INFO     | STAGE:1 | info | JSON Contract [OUTPUT]: stage_1_output
2026-06-08 09:56:09 | DEBUG    | STAGE:1 | debug |   Pipeline ID: 8fe66f80-1645-4819-a0ab-656122387f7b
2026-06-08 09:56:09 | DEBUG    | STAGE:1 | debug |   Status: PASS
2026-06-08 09:56:09 | DEBUG    | STAGE:1 | debug | Full JSON payload:
{
  "pipeline_id": "8fe66f80-1645-4819-a0ab-656122387f7b",
  "timestamp": "2026-06-08T09:56:09.898821Z",
  "organism": {
    "name": "Pseudomonas putida",
    "strain": "KT2440",
    "gem_model_id": "iJN1462",
    "doubling_time_min": 40.0,
    "optimal_ph": 7.0,
    "optimal_temp_c": 30.0,
    "gram_stain": "negative",
    "codon_table_id": 11,
    "gc_content_percent": 61.6
  },
  "target_molecule": {
    "name": "PHA",
    "smiles": "CC(CC(=O)O)O",
    "chebi_id": "CHEBI:47783",
    "target_titer_g_per_l": 50.0,
    "target_yield_mol_per_mol": 0.4,
    "molecular_weight": 86.09,
    "category": "biopolymer",
    "toxicity_level": "LOW",
    "secretion_type": "intracellular"
  },
  "genomic_data": {
    "total_genes": 4377,
    "essential_genes": [
      "dnaA",
      "dnaN",
      "gyrA",
      "gyrB",
      "rpoA",
      "rpoB",
      "rpoC",
      "rpoD",
      "sigN",
      "ftsZ",
      "ftsA",
      "murA",
      "murB",
      "murC",
      "accA",
      "accB",
      "accC",
      "accD",
      "fabH",
      "fabD"
    ],
    "available_promoters": [
      "Ptac",
      "Pbad",
      "Prha",
      "Pm",
      "Ps",
      "PalkB",
      "Pcat",
      "Pben",
      "PxylS",
      "Ptet",
      "Plac",
      "Ptrc"
    ],
    "codon_table_id": 11,
    "gc_content_percent": 61.6
  },
  "data_quality_report": {
    "completeness_score": 1.0,
    "warnings": [],
    "errors": []
  },
  "stage_1_status": "PASS"
}
2026-06-08 09:56:09 | INFO     | STAGE:1 | info | Duration: 0.02s
2026-06-08 09:56:09 | DEBUG    | STAGE:1 | debug | Output summary: {
  "pipeline_id": "8fe66f80-1645-4819-a0ab-656122387f7b",
  "organism": "Pseudomonas putida",
  "molecule": "PHA",
  "quality_score": 1.0
}
2026-06-08 09:56:09 | INFO     | STAGE:1 | info | === STAGE 1 COMPLETE === status=PASS
2026-06-08 09:56:09 | INFO     | STAGE:1 | info | Stage summary saved to: logs/stage_1_summary.json
2026-06-08 09:56:09 | INFO     | STAGE:1 | info | Stage 1 complete. Output saved to logs/stage_1_summary.json
